C:\USERS\VPOPOV\DOCUMENTS\VISUAL STUDIO 2010\PROJECTS\LINEDETECTIONPROJECT\DEBUG\LINEDETECTIONPROJECT.EXE
C:\USERS\VPOPOV\DOCUMENTS\VISUAL STUDIO 2010\PROJECTS\LINEDETECTIONPROJECT\DEBUG\LINEDETECTIONPROJECT.ILK
C:\USERS\VPOPOV\DOCUMENTS\VISUAL STUDIO 2010\PROJECTS\LINEDETECTIONPROJECT\DEBUG\LINEDETECTIONPROJECT.PDB
C:\Users\vpopov\documents\visual studio 2010\Projects\LineDetectionProject\LineDetectionProject\Debug\cl.command.1.tlog
C:\Users\vpopov\documents\visual studio 2010\Projects\LineDetectionProject\LineDetectionProject\Debug\CL.read.1.tlog
C:\Users\vpopov\documents\visual studio 2010\Projects\LineDetectionProject\LineDetectionProject\Debug\CL.write.1.tlog
C:\USERS\VPOPOV\DOCUMENTS\VISUAL STUDIO 2010\PROJECTS\LINEDETECTIONPROJECT\LINEDETECTIONPROJECT\DEBUG\HOUGH.OBJ
C:\USERS\VPOPOV\DOCUMENTS\VISUAL STUDIO 2010\PROJECTS\LINEDETECTIONPROJECT\LINEDETECTIONPROJECT\DEBUG\LINEDETECTIONPROJECT.EXE.EMBED.MANIFEST
C:\USERS\VPOPOV\DOCUMENTS\VISUAL STUDIO 2010\PROJECTS\LINEDETECTIONPROJECT\LINEDETECTIONPROJECT\DEBUG\LINEDETECTIONPROJECT.EXE.EMBED.MANIFEST.RES
C:\USERS\VPOPOV\DOCUMENTS\VISUAL STUDIO 2010\PROJECTS\LINEDETECTIONPROJECT\LINEDETECTIONPROJECT\DEBUG\LINEDETECTIONPROJECT.EXE.INTERMEDIATE.MANIFEST
C:\Users\vpopov\documents\visual studio 2010\Projects\LineDetectionProject\LineDetectionProject\Debug\LineDetectionProject.vcxprojResolveAssemblyReference.cache
C:\Users\vpopov\documents\visual studio 2010\Projects\LineDetectionProject\LineDetectionProject\Debug\LineDetectionProject.write.1.tlog
C:\Users\vpopov\documents\visual studio 2010\Projects\LineDetectionProject\LineDetectionProject\Debug\LineDetectionProject_manifest.rc
C:\Users\vpopov\documents\visual studio 2010\Projects\LineDetectionProject\LineDetectionProject\Debug\link.1076.read.1.tlog
C:\Users\vpopov\documents\visual studio 2010\Projects\LineDetectionProject\LineDetectionProject\Debug\link.1076.write.1.tlog
C:\Users\vpopov\documents\visual studio 2010\Projects\LineDetectionProject\LineDetectionProject\Debug\link.1076-cvtres.read.1.tlog
C:\Users\vpopov\documents\visual studio 2010\Projects\LineDetectionProject\LineDetectionProject\Debug\link.1076-cvtres.write.1.tlog
C:\Users\vpopov\documents\visual studio 2010\Projects\LineDetectionProject\LineDetectionProject\Debug\link.2076.read.1.tlog
C:\Users\vpopov\documents\visual studio 2010\Projects\LineDetectionProject\LineDetectionProject\Debug\link.2076.write.1.tlog
C:\Users\vpopov\documents\visual studio 2010\Projects\LineDetectionProject\LineDetectionProject\Debug\link.2076-cvtres.read.1.tlog
C:\Users\vpopov\documents\visual studio 2010\Projects\LineDetectionProject\LineDetectionProject\Debug\link.2076-cvtres.write.1.tlog
C:\Users\vpopov\documents\visual studio 2010\Projects\LineDetectionProject\LineDetectionProject\Debug\link.4388.read.1.tlog
C:\Users\vpopov\documents\visual studio 2010\Projects\LineDetectionProject\LineDetectionProject\Debug\link.4388.write.1.tlog
C:\Users\vpopov\documents\visual studio 2010\Projects\LineDetectionProject\LineDetectionProject\Debug\link.4388-cvtres.read.1.tlog
C:\Users\vpopov\documents\visual studio 2010\Projects\LineDetectionProject\LineDetectionProject\Debug\link.4388-cvtres.write.1.tlog
C:\Users\vpopov\documents\visual studio 2010\Projects\LineDetectionProject\LineDetectionProject\Debug\link.4664.read.1.tlog
C:\Users\vpopov\documents\visual studio 2010\Projects\LineDetectionProject\LineDetectionProject\Debug\link.4664.write.1.tlog
C:\Users\vpopov\documents\visual studio 2010\Projects\LineDetectionProject\LineDetectionProject\Debug\link.4664-cvtres.read.1.tlog
C:\Users\vpopov\documents\visual studio 2010\Projects\LineDetectionProject\LineDetectionProject\Debug\link.4664-cvtres.write.1.tlog
C:\Users\vpopov\documents\visual studio 2010\Projects\LineDetectionProject\LineDetectionProject\Debug\link.4752.read.1.tlog
C:\Users\vpopov\documents\visual studio 2010\Projects\LineDetectionProject\LineDetectionProject\Debug\link.4752.write.1.tlog
C:\Users\vpopov\documents\visual studio 2010\Projects\LineDetectionProject\LineDetectionProject\Debug\link.4752-cvtres.read.1.tlog
C:\Users\vpopov\documents\visual studio 2010\Projects\LineDetectionProject\LineDetectionProject\Debug\link.4752-cvtres.write.1.tlog
C:\Users\vpopov\documents\visual studio 2010\Projects\LineDetectionProject\LineDetectionProject\Debug\link.5156.read.1.tlog
C:\Users\vpopov\documents\visual studio 2010\Projects\LineDetectionProject\LineDetectionProject\Debug\link.5156.write.1.tlog
C:\Users\vpopov\documents\visual studio 2010\Projects\LineDetectionProject\LineDetectionProject\Debug\link.5252.read.1.tlog
C:\Users\vpopov\documents\visual studio 2010\Projects\LineDetectionProject\LineDetectionProject\Debug\link.5252.write.1.tlog
C:\Users\vpopov\documents\visual studio 2010\Projects\LineDetectionProject\LineDetectionProject\Debug\link.5252-cvtres.read.1.tlog
C:\Users\vpopov\documents\visual studio 2010\Projects\LineDetectionProject\LineDetectionProject\Debug\link.5252-cvtres.write.1.tlog
C:\Users\vpopov\documents\visual studio 2010\Projects\LineDetectionProject\LineDetectionProject\Debug\link.5596.read.1.tlog
C:\Users\vpopov\documents\visual studio 2010\Projects\LineDetectionProject\LineDetectionProject\Debug\link.5596.write.1.tlog
C:\Users\vpopov\documents\visual studio 2010\Projects\LineDetectionProject\LineDetectionProject\Debug\link.5596-cvtres.read.1.tlog
C:\Users\vpopov\documents\visual studio 2010\Projects\LineDetectionProject\LineDetectionProject\Debug\link.5596-cvtres.write.1.tlog
C:\Users\vpopov\documents\visual studio 2010\Projects\LineDetectionProject\LineDetectionProject\Debug\link.6088.read.1.tlog
C:\Users\vpopov\documents\visual studio 2010\Projects\LineDetectionProject\LineDetectionProject\Debug\link.6088.write.1.tlog
C:\Users\vpopov\documents\visual studio 2010\Projects\LineDetectionProject\LineDetectionProject\Debug\link.6088-cvtres.read.1.tlog
C:\Users\vpopov\documents\visual studio 2010\Projects\LineDetectionProject\LineDetectionProject\Debug\link.6088-cvtres.write.1.tlog
C:\Users\vpopov\documents\visual studio 2010\Projects\LineDetectionProject\LineDetectionProject\Debug\link.6092.read.1.tlog
C:\Users\vpopov\documents\visual studio 2010\Projects\LineDetectionProject\LineDetectionProject\Debug\link.6092.write.1.tlog
C:\Users\vpopov\documents\visual studio 2010\Projects\LineDetectionProject\LineDetectionProject\Debug\link.6092-cvtres.read.1.tlog
C:\Users\vpopov\documents\visual studio 2010\Projects\LineDetectionProject\LineDetectionProject\Debug\link.6092-cvtres.write.1.tlog
C:\Users\vpopov\documents\visual studio 2010\Projects\LineDetectionProject\LineDetectionProject\Debug\link.6196.read.1.tlog
C:\Users\vpopov\documents\visual studio 2010\Projects\LineDetectionProject\LineDetectionProject\Debug\link.6196.write.1.tlog
C:\Users\vpopov\documents\visual studio 2010\Projects\LineDetectionProject\LineDetectionProject\Debug\link.6196-cvtres.read.1.tlog
C:\Users\vpopov\documents\visual studio 2010\Projects\LineDetectionProject\LineDetectionProject\Debug\link.6196-cvtres.write.1.tlog
C:\Users\vpopov\documents\visual studio 2010\Projects\LineDetectionProject\LineDetectionProject\Debug\link.6224.read.1.tlog
C:\Users\vpopov\documents\visual studio 2010\Projects\LineDetectionProject\LineDetectionProject\Debug\link.6224.write.1.tlog
C:\Users\vpopov\documents\visual studio 2010\Projects\LineDetectionProject\LineDetectionProject\Debug\link.6224-cvtres.read.1.tlog
C:\Users\vpopov\documents\visual studio 2010\Projects\LineDetectionProject\LineDetectionProject\Debug\link.6224-cvtres.write.1.tlog
C:\Users\vpopov\documents\visual studio 2010\Projects\LineDetectionProject\LineDetectionProject\Debug\link.6512.read.1.tlog
C:\Users\vpopov\documents\visual studio 2010\Projects\LineDetectionProject\LineDetectionProject\Debug\link.6512.write.1.tlog
C:\Users\vpopov\documents\visual studio 2010\Projects\LineDetectionProject\LineDetectionProject\Debug\link.6512-cvtres.read.1.tlog
C:\Users\vpopov\documents\visual studio 2010\Projects\LineDetectionProject\LineDetectionProject\Debug\link.6512-cvtres.write.1.tlog
C:\Users\vpopov\documents\visual studio 2010\Projects\LineDetectionProject\LineDetectionProject\Debug\link.6516.read.1.tlog
C:\Users\vpopov\documents\visual studio 2010\Projects\LineDetectionProject\LineDetectionProject\Debug\link.6516.write.1.tlog
C:\Users\vpopov\documents\visual studio 2010\Projects\LineDetectionProject\LineDetectionProject\Debug\link.6516-cvtres.read.1.tlog
C:\Users\vpopov\documents\visual studio 2010\Projects\LineDetectionProject\LineDetectionProject\Debug\link.6516-cvtres.write.1.tlog
C:\Users\vpopov\documents\visual studio 2010\Projects\LineDetectionProject\LineDetectionProject\Debug\link.6520.read.1.tlog
C:\Users\vpopov\documents\visual studio 2010\Projects\LineDetectionProject\LineDetectionProject\Debug\link.6520.write.1.tlog
C:\Users\vpopov\documents\visual studio 2010\Projects\LineDetectionProject\LineDetectionProject\Debug\link.6520-cvtres.read.1.tlog
C:\Users\vpopov\documents\visual studio 2010\Projects\LineDetectionProject\LineDetectionProject\Debug\link.6520-cvtres.write.1.tlog
C:\Users\vpopov\documents\visual studio 2010\Projects\LineDetectionProject\LineDetectionProject\Debug\link.command.1.tlog
C:\Users\vpopov\documents\visual studio 2010\Projects\LineDetectionProject\LineDetectionProject\Debug\link.read.1.tlog
C:\Users\vpopov\documents\visual studio 2010\Projects\LineDetectionProject\LineDetectionProject\Debug\link.write.1.tlog
C:\Users\vpopov\documents\visual studio 2010\Projects\LineDetectionProject\LineDetectionProject\Debug\link-cvtres.read.1.tlog
C:\Users\vpopov\documents\visual studio 2010\Projects\LineDetectionProject\LineDetectionProject\Debug\link-cvtres.write.1.tlog
C:\USERS\VPOPOV\DOCUMENTS\VISUAL STUDIO 2010\PROJECTS\LINEDETECTIONPROJECT\LINEDETECTIONPROJECT\DEBUG\LSD.OBJ
C:\USERS\VPOPOV\DOCUMENTS\VISUAL STUDIO 2010\PROJECTS\LINEDETECTIONPROJECT\LINEDETECTIONPROJECT\DEBUG\LSD_CMD.OBJ
C:\USERS\VPOPOV\DOCUMENTS\VISUAL STUDIO 2010\PROJECTS\LINEDETECTIONPROJECT\LINEDETECTIONPROJECT\DEBUG\LSWMS.OBJ
C:\USERS\VPOPOV\DOCUMENTS\VISUAL STUDIO 2010\PROJECTS\LINEDETECTIONPROJECT\LINEDETECTIONPROJECT\DEBUG\MAIN.OBJ
C:\Users\vpopov\documents\visual studio 2010\Projects\LineDetectionProject\LineDetectionProject\Debug\mt.command.1.tlog
C:\Users\vpopov\documents\visual studio 2010\Projects\LineDetectionProject\LineDetectionProject\Debug\mt.read.1.tlog
C:\Users\vpopov\documents\visual studio 2010\Projects\LineDetectionProject\LineDetectionProject\Debug\mt.write.1.tlog
C:\USERS\VPOPOV\DOCUMENTS\VISUAL STUDIO 2010\PROJECTS\LINEDETECTIONPROJECT\LINEDETECTIONPROJECT\DEBUG\PGM.OBJ
C:\Users\vpopov\documents\visual studio 2010\Projects\LineDetectionProject\LineDetectionProject\Debug\rc.command.1.tlog
C:\Users\vpopov\documents\visual studio 2010\Projects\LineDetectionProject\LineDetectionProject\Debug\rc.read.1.tlog
C:\Users\vpopov\documents\visual studio 2010\Projects\LineDetectionProject\LineDetectionProject\Debug\rc.write.1.tlog
C:\Users\vpopov\documents\visual studio 2010\Projects\LineDetectionProject\LineDetectionProject\Debug\vc100.idb
C:\USERS\VPOPOV\DOCUMENTS\VISUAL STUDIO 2010\PROJECTS\LINEDETECTIONPROJECT\LINEDETECTIONPROJECT\DEBUG\VC100.PDB
